# JRE version: Java(TM) SE Runtime Environment (8.0_31-b13) (build 1.8.0_31-b13)
# Java VM: Java HotSpot(TM) 64-Bit Server VM (25.31-b07 mixed mode windows-amd64 compressed oops)
Heap:
 PSYoungGen      total 231936K, used 188022K [0x00000000d6000000, 0x00000000e5780000, 0x0000000100000000)
  eden space 217088K, 79% used [0x00000000d6000000,0x00000000e09258e0,0x00000000e3400000)
  from space 14848K, 99% used [0x00000000e4580000,0x00000000e53f81e8,0x00000000e5400000)
  to   space 17920K, 0% used [0x00000000e3400000,0x00000000e3400000,0x00000000e4580000)
 ParOldGen       total 87040K, used 21463K [0x0000000082000000, 0x0000000087500000, 0x00000000d6000000)
  object space 87040K, 24% used [0x0000000082000000,0x00000000834f5e00,0x0000000087500000)
 Metaspace       used 55246K, capacity 57510K, committed 57728K, reserved 1099776K
  class space    used 7038K, capacity 7425K, committed 7552K, reserved 1048576K
GC Heap History (10 events):
Event: 2.900 GC heap before
{Heap before GC invocations=8 (full 1):
 PSYoungGen      total 115712K, used 115322K [0x00000000d6000000, 0x00000000df000000, 0x0000000100000000)
  eden space 108032K, 100% used [0x00000000d6000000,0x00000000dc980000,0x00000000dc980000)
  from space 7680K, 94% used [0x00000000de880000,0x00000000def9eb28,0x00000000df000000)
  to   space 9216K, 0% used [0x00000000dde00000,0x00000000dde00000,0x00000000de700000)
 ParOldGen       total 54784K, used 7527K [0x0000000082000000, 0x0000000085580000, 0x00000000d6000000)
  object space 54784K, 13% used [0x0000000082000000,0x0000000082759f98,0x0000000085580000)
 Metaspace       used 31375K, capacity 32640K, committed 32768K, reserved 1077248K
  class space    used 3980K, capacity 4226K, committed 4352K, reserved 1048576K
Event: 2.909 GC heap after
Heap after GC invocations=8 (full 1):
 PSYoungGen      total 138240K, used 9195K [0x00000000d6000000, 0x00000000e2000000, 0x0000000100000000)
  eden space 129024K, 0% used [0x00000000d6000000,0x00000000d6000000,0x00000000dde00000)
  from space 9216K, 99% used [0x00000000dde00000,0x00000000de6faee8,0x00000000de700000)
  to   space 11776K, 0% used [0x00000000e1480000,0x00000000e1480000,0x00000000e2000000)
 ParOldGen       total 54784K, used 10930K [0x0000000082000000, 0x0000000085580000, 0x00000000d6000000)
  object space 54784K, 19% used [0x0000000082000000,0x0000000082aac9e8,0x0000000085580000)
 Metaspace       used 31375K, capacity 32640K, committed 32768K, reserved 1077248K
  class space    used 3980K, capacity 4226K, committed 4352K, reserved 1048576K
}
Event: 3.253 GC heap before
{Heap before GC invocations=9 (full 1):
 PSYoungGen      total 138240K, used 48198K [0x00000000d6000000, 0x00000000e2000000, 0x0000000100000000)
  eden space 129024K, 30% used [0x00000000d6000000,0x00000000d8616ce0,0x00000000dde00000)
  from space 9216K, 99% used [0x00000000dde00000,0x00000000de6faee8,0x00000000de700000)
  to   space 11776K, 0% used [0x00000000e1480000,0x00000000e1480000,0x00000000e2000000)
 ParOldGen       total 54784K, used 10930K [0x0000000082000000, 0x0000000085580000, 0x00000000d6000000)
  object space 54784K, 19% used [0x0000000082000000,0x0000000082aac9e8,0x0000000085580000)
 Metaspace       used 33901K, capacity 35226K, committed 35416K, reserved 1081344K
  class space    used 4299K, capacity 4523K, committed 4608K, reserved 1048576K
Event: 3.262 GC heap after
Heap after GC invocations=9 (full 1):
 PSYoungGen      total 182272K, used 11768K [0x00000000d6000000, 0x00000000e4700000, 0x0000000100000000)
  eden space 170496K, 0% used [0x00000000d6000000,0x00000000d6000000,0x00000000e0680000)
  from space 11776K, 99% used [0x00000000e1480000,0x00000000e1ffe038,0x00000000e2000000)
  to   space 14336K, 0% used [0x00000000e0680000,0x00000000e0680000,0x00000000e1480000)
 ParOldGen       total 54784K, used 12674K [0x0000000082000000, 0x0000000085580000, 0x00000000d6000000)
  object space 54784K, 23% used [0x0000000082000000,0x0000000082c60840,0x0000000085580000)
 Metaspace       used 33901K, capacity 35226K, committed 35416K, reserved 1081344K
  class space    used 4299K, capacity 4523K, committed 4608K, reserved 1048576K
}
Event: 3.262 GC heap before
{Heap before GC invocations=10 (full 2):
 PSYoungGen      total 182272K, used 11768K [0x00000000d6000000, 0x00000000e4700000, 0x0000000100000000)
  eden space 170496K, 0% used [0x00000000d6000000,0x00000000d6000000,0x00000000e0680000)
  from space 11776K, 99% used [0x00000000e1480000,0x00000000e1ffe038,0x00000000e2000000)
  to   space 14336K, 0% used [0x00000000e0680000,0x00000000e0680000,0x00000000e1480000)
 ParOldGen       total 54784K, used 12674K [0x0000000082000000, 0x0000000085580000, 0x00000000d6000000)
  object space 54784K, 23% used [0x0000000082000000,0x0000000082c60840,0x0000000085580000)
 Metaspace       used 33901K, capacity 35226K, committed 35416K, reserved 1081344K
  class space    used 4299K, capacity 4523K, committed 4608K, reserved 1048576K
Event: 3.310 GC heap after
Heap after GC invocations=10 (full 2):
 PSYoungGen      total 182272K, used 0K [0x00000000d6000000, 0x00000000e4700000, 0x0000000100000000)
  eden space 170496K, 0% used [0x00000000d6000000,0x00000000d6000000,0x00000000e0680000)
  from space 11776K, 0% used [0x00000000e1480000,0x00000000e1480000,0x00000000e2000000)
  to   space 14336K, 0% used [0x00000000e0680000,0x00000000e0680000,0x00000000e1480000)
 ParOldGen       total 87040K, used 17561K [0x0000000082000000, 0x0000000087500000, 0x00000000d6000000)
  object space 87040K, 20% used [0x0000000082000000,0x0000000083126558,0x0000000087500000)
 Metaspace       used 33901K, capacity 35226K, committed 35416K, reserved 1081344K
  class space    used 4299K, capacity 4523K, committed 4608K, reserved 1048576K
}
Event: 4.696 GC heap before
{Heap before GC invocations=11 (full 2):
 PSYoungGen      total 182272K, used 170496K [0x00000000d6000000, 0x00000000e4700000, 0x0000000100000000)
  eden space 170496K, 100% used [0x00000000d6000000,0x00000000e0680000,0x00000000e0680000)
  from space 11776K, 0% used [0x00000000e1480000,0x00000000e1480000,0x00000000e2000000)
  to   space 14336K, 0% used [0x00000000e0680000,0x00000000e0680000,0x00000000e1480000)
 ParOldGen       total 87040K, used 17561K [0x0000000082000000, 0x0000000087500000, 0x00000000d6000000)
  object space 87040K, 20% used [0x0000000082000000,0x0000000083126558,0x0000000087500000)
 Metaspace       used 40615K, capacity 42324K, committed 42496K, reserved 1085440K
  class space    used 5204K, capacity 5512K, committed 5632K, reserved 1048576K
Event: 4.712 GC heap after
Heap after GC invocations=11 (full 2):
 PSYoungGen      total 184832K, used 10913K [0x00000000d6000000, 0x00000000e5400000, 0x0000000100000000)
  eden space 170496K, 0% used [0x00000000d6000000,0x00000000d6000000,0x00000000e0680000)
  from space 14336K, 76% used [0x00000000e0680000,0x00000000e11286a0,0x00000000e1480000)
  to   space 14848K, 0% used [0x00000000e4580000,0x00000000e4580000,0x00000000e5400000)
 ParOldGen       total 87040K, used 17569K [0x0000000082000000, 0x0000000087500000, 0x00000000d6000000)
  object space 87040K, 20% used [0x0000000082000000,0x0000000083128558,0x0000000087500000)
 Metaspace       used 40615K, capacity 42324K, committed 42496K, reserved 1085440K
  class space    used 5204K, capacity 5512K, committed 5632K, reserved 1048576K
}
Event: 6.335 GC heap before
{Heap before GC invocations=12 (full 2):
 PSYoungGen      total 184832K, used 181409K [0x00000000d6000000, 0x00000000e5400000, 0x0000000100000000)
  eden space 170496K, 100% used [0x00000000d6000000,0x00000000e0680000,0x00000000e0680000)
  from space 14336K, 76% used [0x00000000e0680000,0x00000000e11286a0,0x00000000e1480000)
  to   space 14848K, 0% used [0x00000000e4580000,0x00000000e4580000,0x00000000e5400000)
 ParOldGen       total 87040K, used 17569K [0x0000000082000000, 0x0000000087500000, 0x00000000d6000000)
  object space 87040K, 20% used [0x0000000082000000,0x0000000083128558,0x0000000087500000)
 Metaspace       used 47075K, capacity 49138K, committed 49280K, reserved 1091584K
  class space    used 6151K, capacity 6491K, committed 6528K, reserved 1048576K
Event: 6.355 GC heap after
Heap after GC invocations=12 (full 2):
 PSYoungGen      total 231936K, used 14816K [0x00000000d6000000, 0x00000000e5780000, 0x0000000100000000)
  eden space 217088K, 0% used [0x00000000d6000000,0x00000000d6000000,0x00000000e3400000)
  from space 14848K, 99% used [0x00000000e4580000,0x00000000e53f81e8,0x00000000e5400000)
  to   space 17920K, 0% used [0x00000000e3400000,0x00000000e3400000,0x00000000e4580000)
 ParOldGen       total 87040K, used 21463K [0x0000000082000000, 0x0000000087500000, 0x00000000d6000000)
  object space 87040K, 24% used [0x0000000082000000,0x00000000834f5e00,0x0000000087500000)
 Metaspace       used 47075K, capacity 49138K, committed 49280K, reserved 1091584K
  class space    used 6151K, capacity 6491K, committed 6528K, reserved 1048576K
}

